<?xml version="1.0" encoding="UTF-8"?>
<testng-results total="1" passed="1" failed="0" skipped="0">
  <reporter-output>
  </reporter-output>
  <suite started-at="2020-02-27T14:34:03Z" name="Surefire suite" finished-at="2020-02-27T14:35:17Z" duration-ms="73974">
    <groups>
      <group name="cucumber">
        <method signature="AbstractTestNGCucumberTests.feature(cucumber.api.testng.CucumberFeatureWrapper)[pri:0, instance:runner.TestRunner@1e4a7dd4]" name="feature" class="cucumber.api.testng.AbstractTestNGCucumberTests"/>
      </group> <!-- cucumber -->
    </groups>
    <test started-at="2020-02-27T14:34:03Z" name="Surefire test" finished-at="2020-02-27T14:35:17Z" duration-ms="73974">
      <class name="runner.TestRunner">
        <test-method is-config="true" signature="setUpClass()[pri:0, instance:runner.TestRunner@1e4a7dd4]" started-at="2020-02-27T15:34:03Z" name="setUpClass" finished-at="2020-02-27T15:34:04Z" duration-ms="531" status="PASS">
          <reporter-output>
          </reporter-output>
        </test-method> <!-- setUpClass -->
        <test-method signature="feature(cucumber.api.testng.CucumberFeatureWrapper)[pri:0, instance:runner.TestRunner@1e4a7dd4]" started-at="2020-02-27T15:34:04Z" name="feature" description="Runs Cucumber Feature" data-provider="features" finished-at="2020-02-27T15:35:17Z" duration-ms="72769" status="PASS">
          <params>
            <param index="0">
              <value>
                <![CDATA[LoginFeature]]>
              </value>
            </param>
          </params>
          <reporter-output>
          </reporter-output>
        </test-method> <!-- feature -->
        <test-method is-config="true" signature="tearDownClass()[pri:0, instance:runner.TestRunner@1e4a7dd4]" started-at="2020-02-27T15:35:17Z" name="tearDownClass" finished-at="2020-02-27T15:35:17Z" duration-ms="523" status="PASS">
          <reporter-output>
          </reporter-output>
        </test-method> <!-- tearDownClass -->
      </class> <!-- runner.TestRunner -->
    </test> <!-- Surefire test -->
  </suite> <!-- Surefire suite -->
</testng-results>
